#
# There is insufficient memory for the Java Runtime Environment to continue.
# Native memory allocation (mmap) failed to map 141033472 bytes for committing reserved memory.
# Possible reasons:
#   The system is out of physical RAM or swap space
#   In 32 bit mode, the process size limit was hit
# Possible solutions:
#   Reduce memory load on the system
#   Increase physical memory or swap space
#   Check if swap backing store is full
#   Use 64 bit Java on a 64 bit OS
#   Decrease Java heap size (-Xmx/-Xms)
#   Decrease number of Java threads
#   Decrease Java thread stack sizes (-Xss)
#   Set larger code cache with -XX:ReservedCodeCacheSize=
# This output file may be truncated or incomplete.
#
#  Out of Memory Error (os_linux.cpp:2640), pid=26871, tid=0x00007ff27fe5b700
#
# JRE version: Java(TM) SE Runtime Environment (8.0_151-b12) (build 1.8.0_151-b12)
# Java VM: Java HotSpot(TM) 64-Bit Server VM (25.151-b12 mixed mode linux-amd64 compressed oops)
# Failed to write core dump. Core dumps have been disabled. To enable core dumping, try "ulimit -c unlimited" before starting Java again
#

---------------  T H R E A D  ---------------

Current thread (0x00007ff2a4077800):  VMThread [stack: 0x00007ff27fd5b000,0x00007ff27fe5c000] [id=26890]

Stack: [0x00007ff27fd5b000,0x00007ff27fe5c000],  sp=0x00007ff27fe5a1a0,  free space=1020k
Native frames: (J=compiled Java code, j=interpreted, Vv=VM code, C=native code)
V  [libjvm.so+0xacb58a]  VMError::report_and_die()+0x2ba
V  [libjvm.so+0x4ff4ab]  report_vm_out_of_memory(char const*, int, unsigned long, VMErrorType, char const*)+0x8b
V  [libjvm.so+0x928113]  os::Linux::commit_memory_impl(char*, unsigned long, bool)+0x103
V  [libjvm.so+0x928669]  os::pd_commit_memory(char*, unsigned long, unsigned long, bool)+0x29
V  [libjvm.so+0x92288a]  os::commit_memory(char*, unsigned long, unsigned long, bool)+0x2a
V  [libjvm.so+0x9973e3]  PSVirtualSpace::expand_by(unsigned long)+0x53
V  [libjvm.so+0x9987e8]  PSYoungGen::resize_generation(unsigned long, unsigned long)+0xf8
V  [libjvm.so+0x997942]  PSYoungGen::resize(unsigned long, unsigned long)+0x22
V  [libjvm.so+0x994c1b]  PSScavenge::invoke_no_policy()+0xf3b
V  [libjvm.so+0x9953a1]  PSScavenge::invoke()+0x41
V  [libjvm.so+0x94c0d0]  ParallelScavengeHeap::failed_mem_allocate(unsigned long)+0x70
V  [libjvm.so+0xaccfa7]  VM_ParallelGCFailedAllocation::doit()+0x97
V  [libjvm.so+0xad4a85]  VM_Operation::evaluate()+0x55
V  [libjvm.so+0xad2e5a]  VMThread::evaluate_operation(VM_Operation*)+0xba
V  [libjvm.so+0xad31de]  VMThread::loop()+0x1ce
V  [libjvm.so+0xad3650]  VMThread::run()+0x70
V  [libjvm.so+0x92a728]  java_start(Thread*)+0x108

VM_Operation (0x00007ff2ac84d9c0): ParallelGCFailedAllocation, mode: safepoint, requested by thread 0x00007ff2a400a000


---------------  P R O C E S S  ---------------

Java Threads: ( => current thread )
  0x00007ff2a4ceb000 JavaThread "GC Daemon" daemon [_thread_blocked, id=26930, stack(0x00007ff27d09d000,0x00007ff27d19e000)]
  0x00007ff2a40e3000 JavaThread "Service Thread" daemon [_thread_blocked, id=26901, stack(0x00007ff27f37b000,0x00007ff27f47c000)]
  0x00007ff2a40be000 JavaThread "C1 CompilerThread2" daemon [_thread_blocked, id=26900, stack(0x00007ff27f47c000,0x00007ff27f57d000)]
  0x00007ff2a40bc000 JavaThread "C2 CompilerThread1" daemon [_thread_blocked, id=26899, stack(0x00007ff27f57d000,0x00007ff27f67e000)]
  0x00007ff2a40b9000 JavaThread "C2 CompilerThread0" daemon [_thread_blocked, id=26898, stack(0x00007ff27f67e000,0x00007ff27f77f000)]
  0x00007ff2a40b8000 JavaThread "Signal Dispatcher" daemon [_thread_blocked, id=26897, stack(0x00007ff27f77f000,0x00007ff27f880000)]
  0x00007ff2a4084000 JavaThread "Finalizer" daemon [_thread_blocked, id=26892, stack(0x00007ff27fb59000,0x00007ff27fc5a000)]
  0x00007ff2a407f800 JavaThread "Reference Handler" daemon [_thread_blocked, id=26891, stack(0x00007ff27fc5a000,0x00007ff27fd5b000)]
  0x00007ff2a400a000 JavaThread "main" [_thread_blocked, id=26885, stack(0x00007ff2ac750000,0x00007ff2ac851000)]

Other Threads:
=>0x00007ff2a4077800 VMThread [stack: 0x00007ff27fd5b000,0x00007ff27fe5c000] [id=26890]
  0x00007ff2a40e6000 WatcherThread [stack: 0x00007ff27f27a000,0x00007ff27f37b000] [id=26905]

VM state:at safepoint (normal execution)

VM Mutex/Monitor currently owned by a thread:  ([mutex/lock_event])
[0x00007ff2a40061c0] Threads_lock - owner thread: 0x00007ff2a4077800
[0x00007ff2a40066c0] Heap_lock - owner thread: 0x00007ff2a400a000

Heap:
 PSYoungGen      total 501248K, used 32K [0x00000000d6f00000, 0x00000000f7180000, 0x0000000100000000)
  eden space 475648K, 0% used [0x00000000d6f00000,0x00000000d6f00000,0x00000000f3f80000)
  from space 25600K, 0% used [0x00000000f3f80000,0x00000000f3f88000,0x00000000f5880000)
  to   space 24064K, 0% used [0x00000000f5a00000,0x00000000f5a00000,0x00000000f7180000)
 ParOldGen       total 126464K, used 74371K [0x0000000084c00000, 0x000000008c780000, 0x00000000d6f00000)
  object space 126464K, 58% used [0x0000000084c00000,0x00000000894a0c58,0x000000008c780000)
 Metaspace       used 50888K, capacity 52230K, committed 52608K, reserved 1095680K
  class space    used 5876K, capacity 6160K, committed 6272K, reserved 1048576K

Card table byte_map: [0x00007ff2a9119000,0x00007ff2a94f4000] byte_map_base: 0x00007ff2a8cf3000

Marking Bits: (ParMarkBitMap*) 0x00007ff2abc25f80
 Begin Bits: [0x00007ff280260000, 0x00007ff282130000)
 End Bits:   [0x00007ff282130000, 0x00007ff284000000)

Polling page: 0x00007ff2ac878000

CodeCache: size=245760Kb used=35136Kb max_used=35469Kb free=210623Kb
 bounds [0x00007ff295000000, 0x00007ff2972f0000, 0x00007ff2a4000000]
 total_blobs=9627 nmethods=9128 adapters=411
 compilation: enabled

Compilation events (10 events):
Event: 109,426 Thread 0x00007ff2a40bc000 nmethod 10726 0x00007ff2960d8b90 code [0x00007ff2960d8d60, 0x00007ff2960d9e68]
Event: 109,426 Thread 0x00007ff2a40bc000 10729       4       org.codehaus.plexus.util.SelectorUtils::equals (37 bytes)
Event: 109,426 Thread 0x00007ff2a40bc000 nmethod 10729 0x00007ff2956c5f90 code [0x00007ff2956c60e0, 0x00007ff2956c6158]
Event: 109,428 Thread 0x00007ff2a40be000 10730       3       org.codehaus.plexus.util.AbstractScanner::isIncluded (38 bytes)
Event: 109,429 Thread 0x00007ff2a40be000 nmethod 10730 0x00007ff295bec910 code [0x00007ff295becaa0, 0x00007ff295becdc8]
Event: 109,433 Thread 0x00007ff2a40bc000 10731 %     4       org.codehaus.plexus.util.AbstractScanner::isExcluded @ 2 (38 bytes)
Event: 109,438 Thread 0x00007ff2a40bc000 nmethod 10731% 0x00007ff295bebf50 code [0x00007ff295bec0e0, 0x00007ff295bec4a8]
Event: 109,442 Thread 0x00007ff2a40bc000 10732       4       org.codehaus.plexus.util.AbstractScanner::isExcluded (38 bytes)
Event: 109,446 Thread 0x00007ff2a40bc000 nmethod 10732 0x00007ff29569af10 code [0x00007ff29569b0a0, 0x00007ff29569b428]
Event: 109,449 Thread 0x00007ff2a40b9000 nmethod 10728 0x00007ff2972bc690 code [0x00007ff2972bc960, 0x00007ff2972bf130]

GC Heap History (10 events):
Event: 108,966 GC heap after
Heap after GC invocations=22 (full 4):
 PSYoungGen      total 281088K, used 96K [0x00000000d6f00000, 0x00000000eb200000, 0x0000000100000000)
  eden space 276480K, 0% used [0x00000000d6f00000,0x00000000d6f00000,0x00000000e7d00000)
  from space 4608K, 2% used [0x00000000ead80000,0x00000000ead98000,0x00000000eb200000)
  to   space 27136K, 0% used [0x00000000e7d00000,0x00000000e7d00000,0x00000000e9780000)
 ParOldGen       total 126464K, used 74235K [0x0000000084c00000, 0x000000008c780000, 0x00000000d6f00000)
  object space 126464K, 58% used [0x0000000084c00000,0x000000008947ec58,0x000000008c780000)
 Metaspace       used 50888K, capacity 52230K, committed 52608K, reserved 1095680K
  class space    used 5876K, capacity 6160K, committed 6272K, reserved 1048576K
}
Event: 109,160 GC heap before
{Heap before GC invocations=23 (full 4):
 PSYoungGen      total 281088K, used 276576K [0x00000000d6f00000, 0x00000000eb200000, 0x0000000100000000)
  eden space 276480K, 100% used [0x00000000d6f00000,0x00000000e7d00000,0x00000000e7d00000)
  from space 4608K, 2% used [0x00000000ead80000,0x00000000ead98000,0x00000000eb200000)
  to   space 27136K, 0% used [0x00000000e7d00000,0x00000000e7d00000,0x00000000e9780000)
 ParOldGen       total 126464K, used 74235K [0x0000000084c00000, 0x000000008c780000, 0x00000000d6f00000)
  object space 126464K, 58% used [0x0000000084c00000,0x000000008947ec58,0x000000008c780000)
 Metaspace       used 50888K, capacity 52230K, committed 52608K, reserved 1095680K
  class space    used 5876K, capacity 6160K, committed 6272K, reserved 1048576K
Event: 109,162 GC heap after
Heap after GC invocations=23 (full 4):
 PSYoungGen      total 303616K, used 64K [0x00000000d6f00000, 0x00000000f0800000, 0x0000000100000000)
  eden space 276480K, 0% used [0x00000000d6f00000,0x00000000d6f00000,0x00000000e7d00000)
  from space 27136K, 0% used [0x00000000e7d00000,0x00000000e7d10000,0x00000000e9780000)
  to   space 27136K, 0% used [0x00000000eed80000,0x00000000eed80000,0x00000000f0800000)
 ParOldGen       total 126464K, used 74251K [0x0000000084c00000, 0x000000008c780000, 0x00000000d6f00000)
  object space 126464K, 58% used [0x0000000084c00000,0x0000000089482c58,0x000000008c780000)
 Metaspace       used 50888K, capacity 52230K, committed 52608K, reserved 1095680K
  class space    used 5876K, capacity 6160K, committed 6272K, reserved 1048576K
}
Event: 109,322 GC heap before
{Heap before GC invocations=24 (full 4):
 PSYoungGen      total 303616K, used 276544K [0x00000000d6f00000, 0x00000000f0800000, 0x0000000100000000)
  eden space 276480K, 100% used [0x00000000d6f00000,0x00000000e7d00000,0x00000000e7d00000)
  from space 27136K, 0% used [0x00000000e7d00000,0x00000000e7d10000,0x00000000e9780000)
  to   space 27136K, 0% used [0x00000000eed80000,0x00000000eed80000,0x00000000f0800000)
 ParOldGen       total 126464K, used 74251K [0x0000000084c00000, 0x000000008c780000, 0x00000000d6f00000)
  object space 126464K, 58% used [0x0000000084c00000,0x0000000089482c58,0x000000008c780000)
 Metaspace       used 50888K, capacity 52230K, committed 52608K, reserved 1095680K
  class space    used 5876K, capacity 6160K, committed 6272K, reserved 1048576K
Event: 109,327 GC heap after
Heap after GC invocations=24 (full 4):
 PSYoungGen      total 391680K, used 128K [0x00000000d6f00000, 0x00000000f0900000, 0x0000000100000000)
  eden space 364544K, 0% used [0x00000000d6f00000,0x00000000d6f00000,0x00000000ed300000)
  from space 27136K, 0% used [0x00000000eed80000,0x00000000eeda0000,0x00000000f0800000)
  to   space 27136K, 0% used [0x00000000ed300000,0x00000000ed300000,0x00000000eed80000)
 ParOldGen       total 126464K, used 74275K [0x0000000084c00000, 0x000000008c780000, 0x00000000d6f00000)
  object space 126464K, 58% used [0x0000000084c00000,0x0000000089488c58,0x000000008c780000)
 Metaspace       used 50888K, capacity 52230K, committed 52608K, reserved 1095680K
  class space    used 5876K, capacity 6160K, committed 6272K, reserved 1048576K
}
Event: 110,019 GC heap before
{Heap before GC invocations=25 (full 4):
 PSYoungGen      total 391680K, used 364672K [0x00000000d6f00000, 0x00000000f0900000, 0x0000000100000000)
  eden space 364544K, 100% used [0x00000000d6f00000,0x00000000ed300000,0x00000000ed300000)
  from space 27136K, 0% used [0x00000000eed80000,0x00000000eeda0000,0x00000000f0800000)
  to   space 27136K, 0% used [0x00000000ed300000,0x00000000ed300000,0x00000000eed80000)
 ParOldGen       total 126464K, used 74275K [0x0000000084c00000, 0x000000008c780000, 0x00000000d6f00000)
  object space 126464K, 58% used [0x0000000084c00000,0x0000000089488c58,0x000000008c780000)
 Metaspace       used 50888K, capacity 52230K, committed 52608K, reserved 1095680K
  class space    used 5876K, capacity 6160K, committed 6272K, reserved 1048576K
Event: 110,022 GC heap after
Heap after GC invocations=25 (full 4):
 PSYoungGen      total 391680K, used 64K [0x00000000d6f00000, 0x00000000f7400000, 0x0000000100000000)
  eden space 364544K, 0% used [0x00000000d6f00000,0x00000000d6f00000,0x00000000ed300000)
  from space 27136K, 0% used [0x00000000ed300000,0x00000000ed310000,0x00000000eed80000)
  to   space 26624K, 0% used [0x00000000f5a00000,0x00000000f5a00000,0x00000000f7400000)
 ParOldGen       total 126464K, used 74299K [0x0000000084c00000, 0x000000008c780000, 0x00000000d6f00000)
  object space 126464K, 58% used [0x0000000084c00000,0x000000008948ec58,0x000000008c780000)
 Metaspace       used 50888K, capacity 52230K, committed 52608K, reserved 1095680K
  class space    used 5876K, capacity 6160K, committed 6272K, reserved 1048576K
}
Event: 110,223 GC heap before
{Heap before GC invocations=26 (full 4):
 PSYoungGen      total 391680K, used 364608K [0x00000000d6f00000, 0x00000000f7400000, 0x0000000100000000)
  eden space 364544K, 100% used [0x00000000d6f00000,0x00000000ed300000,0x00000000ed300000)
  from space 27136K, 0% used [0x00000000ed300000,0x00000000ed310000,0x00000000eed80000)
  to   space 26624K, 0% used [0x00000000f5a00000,0x00000000f5a00000,0x00000000f7400000)
 ParOldGen       total 126464K, used 74299K [0x0000000084c00000, 0x000000008c780000, 0x00000000d6f00000)
  object space 126464K, 58% used [0x0000000084c00000,0x000000008948ec58,0x000000008c780000)
 Metaspace       used 50888K, capacity 52230K, committed 52608K, reserved 1095680K
  class space    used 5876K, capacity 6160K, committed 6272K, reserved 1048576K
Event: 110,226 GC heap after
Heap after GC invocations=26 (full 4):
 PSYoungGen      total 499712K, used 96K [0x00000000d6f00000, 0x00000000f7180000, 0x0000000100000000)
  eden space 475648K, 0% used [0x00000000d6f00000,0x00000000d6f00000,0x00000000f3f80000)
  from space 24064K, 0% used [0x00000000f5a00000,0x00000000f5a18000,0x00000000f7180000)
  to   space 25600K, 0% used [0x00000000f3f80000,0x00000000f3f80000,0x00000000f5880000)
 ParOldGen       total 126464K, used 74347K [0x0000000084c00000, 0x000000008c780000, 0x00000000d6f00000)
  object space 126464K, 58% used [0x0000000084c00000,0x000000008949ac58,0x000000008c780000)
 Metaspace       used 50888K, capacity 52230K, committed 52608K, reserved 1095680K
  class space    used 5876K, capacity 6160K, committed 6272K, reserved 1048576K
}
Event: 110,935 GC heap before
{Heap before GC invocations=27 (full 4):
 PSYoungGen      total 499712K, used 475744K [0x00000000d6f00000, 0x00000000f7180000, 0x0000000100000000)
  eden space 475648K, 100% used [0x00000000d6f00000,0x00000000f3f80000,0x00000000f3f80000)
  from space 24064K, 0% used [0x00000000f5a00000,0x00000000f5a18000,0x00000000f7180000)
  to   space 25600K, 0% used [0x00000000f3f80000,0x00000000f3f80000,0x00000000f5880000)
 ParOldGen       total 126464K, used 74347K [0x0000000084c00000, 0x000000008c780000, 0x00000000d6f00000)
  object space 126464K, 58% used [0x0000000084c00000,0x000000008949ac58,0x000000008c780000)
 Metaspace       used 50888K, capacity 52230K, committed 52608K, reserved 1095680K
  class space    used 5876K, capacity 6160K, committed 6272K, reserved 1048576K

Deoptimization events (10 events):
Event: 104,101 Thread 0x00007ff2a400a000 Uncommon trap: reason=unstable_if action=reinterpret pc=0x00007ff29549e4f8 method=com.google.inject.internal.asm.$Type.getArgumentsAndReturnSizes(Ljava/lang/String;)I @ 130
Event: 104,208 Thread 0x00007ff2a5995800 Uncommon trap: reason=null_check action=make_not_entrant pc=0x00007ff295722cf4 method=java.lang.StringCoding.deref(Ljava/lang/ThreadLocal;)Ljava/lang/Object; @ 4
Event: 104,493 Thread 0x00007ff2a400a000 Uncommon trap: reason=unstable_if action=reinterpret pc=0x00007ff2971aa8ac method=sun.nio.fs.UnixNativeDispatcher.copyToNativeBuffer(Lsun/nio/fs/UnixPath;)Lsun/nio/fs/NativeBuffer; @ 32
Event: 105,018 Thread 0x00007ff2a400a000 Uncommon trap: reason=unstable_if action=reinterpret pc=0x00007ff2972190b0 method=sun.nio.fs.UnixFileSystemProvider.readAttributes(Ljava/nio/file/Path;Ljava/lang/Class;[Ljava/nio/file/LinkOption;)Ljava/nio/file/attribute/BasicFileAttributes; @ 3
Event: 108,430 Thread 0x00007ff2a400a000 Uncommon trap: reason=unstable_if action=reinterpret pc=0x00007ff29573acc4 method=org.codehaus.plexus.util.SelectorUtils.match(Ljava/lang/String;Ljava/lang/String;Z)Z @ 112
Event: 108,476 Thread 0x00007ff2a400a000 Uncommon trap: reason=unstable_if action=reinterpret pc=0x00007ff295d22b64 method=org.codehaus.plexus.util.SelectorUtils.matchAntPathPattern(Ljava/lang/String;Ljava/lang/String;Z)Z @ 247
Event: 109,378 Thread 0x00007ff2a400a000 Uncommon trap: reason=unstable_if action=reinterpret pc=0x00007ff295e16d60 method=org.codehaus.plexus.util.SelectorUtils.match(Ljava/lang/String;Ljava/lang/String;Z)Z @ 85
Event: 109,378 Thread 0x00007ff2a400a000 Uncommon trap: reason=unstable_if action=reinterpret pc=0x00007ff295a625ec method=org.codehaus.plexus.util.SelectorUtils.matchAntPathPattern(Ljava/lang/String;Ljava/lang/String;Z)Z @ 204
Event: 109,378 Thread 0x00007ff2a400a000 Uncommon trap: reason=unstable_if action=reinterpret pc=0x00007ff295bed948 method=org.codehaus.plexus.util.AbstractScanner.isExcluded(Ljava/lang/String;)Z @ 25
Event: 109,394 Thread 0x00007ff2a400a000 Uncommon trap: reason=unstable_if action=reinterpret pc=0x00007ff295e15c50 method=org.codehaus.plexus.util.AbstractScanner.isExcluded(Ljava/lang/String;)Z @ 25

Internal exceptions (10 events):
Event: 81,132 Thread 0x00007ff2a400a000 Exception <a 'java/security/PrivilegedActionException'> (0x00000000dbc66800) thrown at [/HUDSON/workspace/8-2-build-linux-amd64/jdk8u151/9699/hotspot/src/share/vm/prims/jvm.cpp, line 1390]
Event: 81,133 Thread 0x00007ff2a400a000 Exception <a 'java/security/PrivilegedActionException'> (0x00000000dbc67810) thrown at [/HUDSON/workspace/8-2-build-linux-amd64/jdk8u151/9699/hotspot/src/share/vm/prims/jvm.cpp, line 1390]
Event: 81,133 Thread 0x00007ff2a400a000 Exception <a 'java/security/PrivilegedActionException'> (0x00000000dbc67c08) thrown at [/HUDSON/workspace/8-2-build-linux-amd64/jdk8u151/9699/hotspot/src/share/vm/prims/jvm.cpp, line 1390]
Event: 81,133 Thread 0x00007ff2a400a000 Exception <a 'java/security/PrivilegedActionException'> (0x00000000dbc68ce8) thrown at [/HUDSON/workspace/8-2-build-linux-amd64/jdk8u151/9699/hotspot/src/share/vm/prims/jvm.cpp, line 1390]
Event: 81,133 Thread 0x00007ff2a400a000 Exception <a 'java/security/PrivilegedActionException'> (0x00000000dbc690e0) thrown at [/HUDSON/workspace/8-2-build-linux-amd64/jdk8u151/9699/hotspot/src/share/vm/prims/jvm.cpp, line 1390]
Event: 81,133 Thread 0x00007ff2a400a000 Exception <a 'java/security/PrivilegedActionException'> (0x00000000dbc6a0f0) thrown at [/HUDSON/workspace/8-2-build-linux-amd64/jdk8u151/9699/hotspot/src/share/vm/prims/jvm.cpp, line 1390]
Event: 81,133 Thread 0x00007ff2a400a000 Exception <a 'java/security/PrivilegedActionException'> (0x00000000dbc6a4e8) thrown at [/HUDSON/workspace/8-2-build-linux-amd64/jdk8u151/9699/hotspot/src/share/vm/prims/jvm.cpp, line 1390]
Event: 81,149 Thread 0x00007ff2a400a000 Implicit null exception at 0x00007ff2969e4a4f to 0x00007ff2969e4b65
Event: 104,208 Thread 0x00007ff2a5995800 Implicit null exception at 0x00007ff295722560 to 0x00007ff295722cd9
Event: 104,221 Thread 0x00007ff2a400a000 Exception <a 'java/lang/NoSuchMethodError': org.apache.maven.execution.MavenExecutionRequest.getFailureBehavior()Ljava/lang/String;> (0x00000000e1e34648) thrown at [/HUDSON/workspace/8-2-build-linux-amd64/jdk8u151/9699/hotspot/src/share/vm/interpreter/lin

Events (10 events):
Event: 109,394 Thread 0x00007ff2a400a000 Uncommon trap: trap_request=0xffffff65 fr.pc=0x00007ff295e15c50
Event: 109,394 Thread 0x00007ff2a400a000 DEOPT PACKING pc=0x00007ff295e15c50 sp=0x00007ff2ac84e150
Event: 109,394 Thread 0x00007ff2a400a000 DEOPT UNPACKING pc=0x00007ff295005229 sp=0x00007ff2ac84e130 mode 2
Event: 109,442 Thread 0x00007ff2a400a000 DEOPT PACKING pc=0x00007ff295bed2cd sp=0x00007ff2ac84de70
Event: 109,442 Thread 0x00007ff2a400a000 DEOPT UNPACKING pc=0x00007ff295047633 sp=0x00007ff2ac84dbe8 mode 0
Event: 110,019 Executing VM operation: ParallelGCFailedAllocation
Event: 110,022 Executing VM operation: ParallelGCFailedAllocation done
Event: 110,223 Executing VM operation: ParallelGCFailedAllocation
Event: 110,226 Executing VM operation: ParallelGCFailedAllocation done
Event: 110,935 Executing VM operation: ParallelGCFailedAllocation


Dynamic libraries:
00400000-00401000 r-xp 00000000 08:01 9440290                            /usr/lib/jvm/java-8-oracle/bin/java
00600000-00601000 rw-p 00000000 08:01 9440290                            /usr/lib/jvm/java-8-oracle/bin/java
01324000-01345000 rw-p 00000000 00:00 0                                  [heap]
84c00000-8c780000 rw-p 00000000 00:00 0 
8c780000-d6f00000 ---p 00000000 00:00 0 
d6f00000-f7180000 rw-p 00000000 00:00 0 
ff800000-100000000 ---p 00000000 00:00 0 
100000000-100620000 rw-p 00000000 00:00 0 
100620000-140000000 ---p 00000000 00:00 0 
7ff248000000-7ff248021000 rw-p 00000000 00:00 0 
7ff248021000-7ff24c000000 ---p 00000000 00:00 0 
7ff24fe00000-7ff24ff40000 rw-p 00000000 00:00 0 
7ff24ff40000-7ff250000000 ---p 00000000 00:00 0 
7ff250000000-7ff250021000 rw-p 00000000 00:00 0 
7ff250021000-7ff254000000 ---p 00000000 00:00 0 
7ff254084000-7ff254284000 rw-p 00000000 00:00 0 
7ff254284000-7ff254484000 rw-p 00000000 00:00 0 
7ff254484000-7ff2544fe000 r--s 010f7000 08:01 9440400                    /usr/lib/jvm/java-8-oracle/lib/tools.jar
7ff2544fe000-7ff2546fe000 rw-p 00000000 00:00 0 
7ff2546fe000-7ff2548fe000 rw-p 00000000 00:00 0 
7ff2548fe000-7ff254afe000 rw-p 00000000 00:00 0 
7ff254afe000-7ff254cfe000 rw-p 00000000 00:00 0 
7ff254cfe000-7ff254efe000 rw-p 00000000 00:00 0 
7ff254efe000-7ff254f01000 ---p 00000000 00:00 0 
7ff254f01000-7ff258000000 rw-p 00000000 00:00 0 
7ff258000000-7ff258021000 rw-p 00000000 00:00 0 
7ff258021000-7ff25c000000 ---p 00000000 00:00 0 
7ff25c000000-7ff25c021000 rw-p 00000000 00:00 0 
7ff25c021000-7ff260000000 ---p 00000000 00:00 0 
7ff260000000-7ff262994000 rw-p 00000000 00:00 0 
7ff262994000-7ff264000000 ---p 00000000 00:00 0 
7ff264000000-7ff26522e000 rw-p 00000000 00:00 0 
7ff26522e000-7ff268000000 ---p 00000000 00:00 0 
7ff268000000-7ff268021000 rw-p 00000000 00:00 0 
7ff268021000-7ff26c000000 ---p 00000000 00:00 0 
7ff26c000000-7ff26dca3000 rw-p 00000000 00:00 0 
7ff26dca3000-7ff270000000 ---p 00000000 00:00 0 
7ff270000000-7ff270021000 rw-p 00000000 00:00 0 
7ff270021000-7ff274000000 ---p 00000000 00:00 0 
7ff274000000-7ff274021000 rw-p 00000000 00:00 0 
7ff274021000-7ff278000000 ---p 00000000 00:00 0 
7ff278000000-7ff2782a9000 rw-p 00000000 00:00 0 
7ff2782a9000-7ff27c000000 ---p 00000000 00:00 0 
7ff27c078000-7ff27c079000 r--s 00004000 08:01 7996357                    /home/benni/.m2/repository/org/codehaus/plexus/plexus-compiler-javac/2.8.2/plexus-compiler-javac-2.8.2.jar
7ff27c079000-7ff27c07b000 r--s 00005000 08:01 7996352                    /home/benni/.m2/repository/org/codehaus/plexus/plexus-compiler-api/2.8.2/plexus-compiler-api-2.8.2.jar
7ff27c07b000-7ff27c081000 r--s 00047000 08:01 7996351                    /home/benni/.m2/repository/com/thoughtworks/qdox/qdox/2.0-M7/qdox-2.0-M7.jar
7ff27c081000-7ff27c082000 r--s 0000d000 08:01 7996350                    /home/benni/.m2/repository/org/ow2/asm/asm/6.0_BETA/asm-6.0_BETA.jar
7ff27c082000-7ff27c084000 r--s 00000000 08:01 7996356                    /home/benni/.m2/repository/org/codehaus/plexus/plexus-compiler-manager/2.8.2/plexus-compiler-manager-2.8.2.jar
7ff27c084000-7ff27c086000 r--s 00002000 08:01 7996344                    /home/benni/.m2/repository/org/apache/maven/shared/maven-shared-incremental/1.1/maven-shared-incremental-1.1.jar
7ff27c086000-7ff27c089000 r--s 00025000 08:01 7996340                    /home/benni/.m2/repository/org/apache/maven/shared/maven-shared-utils/3.1.0/maven-shared-utils-3.1.0.jar
7ff27c089000-7ff27c08b000 r--s 00006000 08:01 7996346                    /home/benni/.m2/repository/org/codehaus/plexus/plexus-java/0.9.2/plexus-java-0.9.2.jar
7ff27c08b000-7ff27c08d000 r--s 0000d000 08:01 7996342                    /home/benni/.m2/repository/org/codehaus/plexus/plexus-interpolation/1.14/plexus-interpolation-1.14.jar
7ff27c08d000-7ff27c091000 r--s 00033000 08:01 7736336                    /home/benni/.m2/repository/org/codehaus/plexus/plexus-utils/2.0.4/plexus-utils-2.0.4.jar
7ff27c091000-7ff27c093000 r--s 0000d000 08:01 7737261                    /home/benni/.m2/repository/org/apache/maven/plugins/maven-compiler-plugin/3.7.0/maven-compiler-plugin-3.7.0.jar
7ff27c093000-7ff27c096000 r--s 00011000 08:01 7996138                    /home/benni/.m2/repository/org/codehaus/plexus/plexus-interpolation/1.24/plexus-interpolation-1.24.jar
7ff27c096000-7ff27c09a000 r--s 0002f000 08:01 7996136                    /home/benni/.m2/repository/commons-io/commons-io/2.5/commons-io-2.5.jar
7ff27c09a000-7ff27c09c000 r--s 00006000 08:01 7996129                    /home/benni/.m2/repository/com/google/code/findbugs/jsr305/2.0.1/jsr305-2.0.1.jar
7ff27c09c000-7ff27c09f000 r--s 00023000 08:01 7996128                    /home/benni/.m2/repository/org/apache/maven/shared/maven-shared-utils/3.0.0/maven-shared-utils-3.0.0.jar
7ff27c09f000-7ff27c0a3000 r--s 00039000 08:01 7996094                    /home/benni/.m2/repository/org/codehaus/plexus/plexus-utils/3.0.24/plexus-utils-3.0.24.jar
7ff27c0a3000-7ff27c0a5000 r--s 0000b000 08:01 7996125                    /home/benni/.m2/repository/org/apache/maven/shared/maven-filtering/3.1.1/maven-filtering-3.1.1.jar
7ff27c0a5000-7ff27c0a7000 r--s 00002000 08:01 7996124                    /home/benni/.m2/repository/org/sonatype/plexus/plexus-cipher/1.4/plexus-cipher-1.4.jar
7ff27c0a7000-7ff27c0a9000 r--s 00000000 08:01 7996118                    /home/benni/.m2/repository/org/codehaus/plexus/plexus-component-annotations/1.6/plexus-component-annotations-1.6.jar
7ff27c0a9000-7ff27c0ad000 r--s 00017000 08:01 7996115                    /home/benni/.m2/repository/org/sonatype/aether/aether-util/1.7/aether-util-1.7.jar
7ff27c0ad000-7ff27c0b8000 r--s 00069000 08:01 7996095                    /home/benni/.m2/repository/org/sonatype/sisu/sisu-guice/2.1.7/sisu-guice-2.1.7-noaop.jar
7ff27c0b8000-7ff27c0bd000 r--s 00021000 08:01 7996093                    /home/benni/.m2/repository/org/sonatype/sisu/sisu-inject-bean/1.4.2/sisu-inject-bean-1.4.2.jar
7ff27c0bd000-7ff27c0be000 r--s 00006000 08:01 7996119                    /home/benni/.m2/repository/org/sonatype/plexus/plexus-sec-dispatcher/1.3/plexus-sec-dispatcher-1.3.jar
7ff27c0be000-7ff27c0bf000 r--s 00007000 08:01 7737249                    /home/benni/.m2/repository/org/apache/maven/plugins/maven-resources-plugin/3.0.2/maven-resources-plugin-3.0.2.jar
7ff27c0bf000-7ff27c0c4000 r--s 0003d000 08:01 7736223                    /home/benni/.m2/repository/org/codehaus/plexus/plexus-utils/1.5.8/plexus-utils-1.5.8.jar
7ff27c0c4000-7ff27c0c5000 r--s 00007000 08:01 7737367                    /home/benni/.m2/repository/org/codehaus/mojo/build-helper-maven-plugin/1.7/build-helper-maven-plugin-1.7.jar
7ff27c0c5000-7ff27c0c7000 r--s 00001000 08:01 11011562                   /usr/lib/jvm/java-8-oracle/jre/lib/ext/dnsns.jar
7ff27c0c7000-7ff27c2c7000 rw-p 00000000 00:00 0 
7ff27c2c7000-7ff27c4c7000 rw-p 00000000 00:00 0 
7ff27c4c7000-7ff27c6c7000 rw-p 00000000 00:00 0 
7ff27c6c7000-7ff27c6d1000 r--s 00116000 08:01 11011570                   /usr/lib/jvm/java-8-oracle/jre/lib/ext/localedata.jar
7ff27c6d1000-7ff27c6ed000 r--s 00393000 08:01 11011563                   /usr/lib/jvm/java-8-oracle/jre/lib/ext/cldrdata.jar
7ff27d068000-7ff27d069000 r--s 00002000 08:01 7996724                    /home/benni/.m2/repository/org/apache/maven/reporting/maven-reporting-api/3.0/maven-reporting-api-3.0.jar
7ff27d069000-7ff27d06b000 r--s 00003000 08:01 7996722                    /home/benni/.m2/repository/org/slf4j/jcl-over-slf4j/1.5.6/jcl-over-slf4j-1.5.6.jar
7ff27d06b000-7ff27d06d000 r--s 00001000 08:01 7996717                    /home/benni/.m2/repository/org/slf4j/slf4j-jdk14/1.5.6/slf4j-jdk14-1.5.6.jar
7ff27d06d000-7ff27d06f000 r--s 0000b000 08:01 7996708                    /home/benni/.m2/repository/org/codehaus/plexus/plexus-interpolation/1.11/plexus-interpolation-1.11.jar
7ff27d06f000-7ff27d077000 r--s 00049000 08:01 7996705                    /home/benni/.m2/repository/backport-util-concurrent/backport-util-concurrent/3.1/backport-util-concurrent-3.1.jar
7ff27d077000-7ff27d079000 r--s 00009000 08:01 7866172                    /home/benni/.m2/repository/org/hamcrest/hamcrest-core/1.3/hamcrest-core-1.3.jar
7ff27d079000-7ff27d081000 r--s 00045000 08:01 7996700                    /home/benni/.m2/repository/junit/junit/4.12/junit-4.12.jar
7ff27d081000-7ff27d085000 r--s 00034000 08:01 7736353                    /home/benni/.m2/repository/org/codehaus/plexus/plexus-utils/1.5.15/plexus-utils-1.5.15.jar
7ff27d085000-7ff27d08a000 r--s 0003d000 08:01 7996699                    /home/benni/.m2/repository/org/apache/maven/surefire/surefire-booter/2.20.1/surefire-booter-2.20.1.jar
7ff27d08a000-7ff27d08c000 r--s 00002000 08:01 7996696                    /home/benni/.m2/repository/org/apache/maven/surefire/surefire-logger-api/2.20.1/surefire-logger-api-2.20.1.jar
7ff27d08c000-7ff27d091000 r--s 00028000 08:01 7996694                    /home/benni/.m2/repository/org/apache/maven/surefire/surefire-api/2.20.1/surefire-api-2.20.1.jar
7ff27d091000-7ff27d093000 r--s 00002000 08:01 7218321                    /home/benni/.m2/repository/org/apache/maven/plugin-tools/maven-plugin-annotations/3.3/maven-plugin-annotations-3.3.jar
7ff27d093000-7ff27d09c000 r--s 00074000 08:01 7996692                    /home/benni/.m2/repository/org/apache/maven/surefire/maven-surefire-common/2.20.1/maven-surefire-common-2.20.1.jar
7ff27d09c000-7ff27d09d000 r--s 00009000 08:01 7737282                    /home/benni/.m2/repository/org/apache/maven/plugins/maven-surefire-plugin/2.20.1/maven-surefire-plugin-2.20.1.jar
7ff27d09d000-7ff27d0a0000 ---p 00000000 00:00 0 
7ff27d0a0000-7ff27d39e000 rw-p 00000000 00:00 0 
7ff27d39e000-7ff27d3a0000 r--s 00001000 08:01 7996131                    /home/benni/.m2/repository/org/sonatype/plexus/plexus-build-api/0.0.7/plexus-build-api-0.0.7.jar
7ff27d3a0000-7ff27d3a7000 r--s 0005d000 08:01 13243540                   /home/benni/.m2/repository/org/apache/ant/ant-nodeps/1.8.1/ant-nodeps-1.8.1.jar
7ff27d3a7000-7ff27d3a8000 r--s 00004000 08:01 13112883                   /home/benni/.m2/repository/org/apache/ant/ant-launcher/1.8.4/ant-launcher-1.8.4.jar
7ff27d3a8000-7ff27d3c6000 r--s 001bd000 08:01 12978081                   /home/benni/.m2/repository/org/apache/ant/ant/1.8.4/ant-1.8.4.jar
7ff27d3c6000-7ff27d3ca000 r--s 00026000 08:01 12978079                   /home/benni/.m2/repository/org/springframework/spring-expression/3.0.7.RELEASE/spring-expression-3.0.7.RELEASE.jar
7ff27d3ca000-7ff27d3cc000 r--s 00000000 08:01 7865967                    /home/benni/.m2/repository/aopalliance/aopalliance/1.0/aopalliance-1.0.jar
7ff27d3cc000-7ff27d3d5000 r--s 00046000 08:01 12846802                   /home/benni/.m2/repository/org/springframework/spring-aop/3.0.7.RELEASE/spring-aop-3.0.7.RELEASE.jar
7ff27d3d5000-7ff27d3e6000 r--s 00093000 08:01 12846800                   /home/benni/.m2/repository/org/springframework/spring-context/3.0.7.RELEASE/spring-context-3.0.7.RELEASE.jar
7ff27d3e6000-7ff27d3f1000 r--s 0007d000 08:01 12715676                   /home/benni/.m2/repository/org/springframework/spring-beans/3.0.7.RELEASE/spring-beans-3.0.7.RELEASE.jar
7ff27d3f1000-7ff27d3f3000 r--s 0000d000 08:01 7998261                    /home/benni/.m2/repository/commons-logging/commons-logging/1.1.1/commons-logging-1.1.1.jar
7ff27d3f3000-7ff27d3f4000 r--s 0000c000 08:01 12715674                   /home/benni/.m2/repository/org/springframework/spring-asm/3.0.7.RELEASE/spring-asm-3.0.7.RELEASE.jar
7ff27d3f4000-7ff27d3fd000 r--s 00055000 08:01 12586316                   /home/benni/.m2/repository/org/springframework/spring-core/3.0.7.RELEASE/spring-core-3.0.7.RELEASE.jar
7ff27d3fd000-7ff27d3ff000 r--s 00010000 08:01 12324807                   /home/benni/.m2/repository/org/apache/cxf/cxf-rt-javascript/2.7.15/cxf-rt-javascript-2.7.15.jar
7ff27d3ff000-7ff27d400000 r--s 00005000 08:01 12191956                   /home/benni/.m2/repository/org/apache/cxf/cxf-tools-wsdlto-frontend-javascript/2.7.15/cxf-tools-wsdlto-frontend-javascript-2.7.15.jar
7ff27d400000-7ff27d402000 r--s 00013000 08:01 7866050                    /home/benni/.m2/repository/xml-resolver/xml-resolver/1.2/xml-resolver-1.2.jar
7ff27d402000-7ff27d406000 r--s 00026000 08:01 12062525                   /home/benni/.m2/repository/org/apache/cxf/cxf-tools-wsdlto-frontend-jaxws/2.7.15/cxf-tools-wsdlto-frontend-jaxws-2.7.15.jar
7ff27d406000-7ff27d407000 r--s 0000a000 08:01 11933744                   /home/benni/.m2/repository/org/apache/cxf/cxf-tools-wsdlto-databinding-jaxb/2.7.15/cxf-tools-wsdlto-databinding-jaxb-2.7.15.jar
7ff27d407000-7ff27d40a000 r--s 0001e000 08:01 7866057                    /home/benni/.m2/repository/org/apache/cxf/cxf-rt-databinding-jaxb/2.7.15/cxf-rt-databinding-jaxb-2.7.15.jar
7ff27d40a000-7ff27d40e000 r--s 0002f000 08:01 7866047                    /home/benni/.m2/repository/org/apache/cxf/cxf-rt-bindings-soap/2.7.15/cxf-rt-bindings-soap-2.7.15.jar
7ff27d40e000-7ff27d410000 r--s 00010000 08:01 11801834                   /home/benni/.m2/repository/org/apache/cxf/cxf-tools-validator/2.7.15/cxf-tools-validator-2.7.15.jar
7ff27d410000-7ff27d416000 r--s 0005f000 08:01 7866036                    /home/benni/.m2/repository/org/apache/cxf/cxf-rt-core/2.7.15/cxf-rt-core-2.7.15.jar
7ff27d416000-7ff27d429000 r--s 000c4000 08:01 7866058                    /home/benni/.m2/repository/com/sun/xml/bind/jaxb-impl/2.1.13/jaxb-impl-2.1.13.jar
7ff27d429000-7ff27d463000 r--s 002bc000 08:01 7866061                    /home/benni/.m2/repository/com/sun/xml/bind/jaxb-xjc/2.1.13/jaxb-xjc-2.1.13.jar
7ff27d463000-7ff27d468000 r--s 00041000 08:01 7736001                    /home/benni/.m2/repository/commons-lang/commons-lang/2.6/commons-lang-2.6.jar
7ff27d468000-7ff27d476000 r--s 0007f000 08:01 7737520                    /home/benni/.m2/repository/commons-collections/commons-collections/3.2.1/commons-collections-3.2.1.jar
7ff27d476000-7ff27d47e000 r--s 00066000 08:01 11546719                   /home/benni/.m2/repository/org/apache/velocity/velocity/1.7/velocity-1.7.jar
7ff27d47e000-7ff27d482000 r--s 00025000 08:01 7866065                    /home/benni/.m2/repository/org/apache/cxf/cxf-tools-common/2.7.15/cxf-tools-common-2.7.15.jar
7ff27d482000-7ff27d486000 r--s 0002a000 08:01 7866040                    /home/benni/.m2/repository/wsdl4j/wsdl4j/1.6.3/wsdl4j-1.6.3.jar
7ff27d486000-7ff27d48b000 r--s 00032000 08:01 11416455                   /home/benni/.m2/repository/org/apache/geronimo/specs/geronimo-javamail_1.4_spec/1.7.1/geronimo-javamail_1.4_spec-1.7.1.jar
7ff27d48b000-7ff27d490000 r--s 00024000 08:01 7866043                    /home/benni/.m2/repository/org/apache/ws/xmlschema/xmlschema-core/2.1.0/xmlschema-core-2.1.0.jar
7ff27d490000-7ff27d494000 r--s 00024000 08:01 7866248                    /home/benni/.m2/repository/org/codehaus/woodstox/stax2-api/3.1.4/stax2-api-3.1.4.jar
7ff27d494000-7ff27d49a000 r--s 00071000 08:01 7866025                    /home/benni/.m2/repository/org/codehaus/woodstox/woodstox-core-asl/4.4.1/woodstox-core-asl-4.4.1.jar
7ff27d49a000-7ff27d4ae000 r--s 000fc000 08:01 7866038                    /home/benni/.m2/repository/org/apache/cxf/cxf-api/2.7.15/cxf-api-2.7.15.jar
7ff27d4ae000-7ff27d4b1000 r--s 0000a000 08:01 8913644                    /home/benni/.m2/repository/org/codehaus/plexus/plexus-io/1.0.1/plexus-io-1.0.1.jar
7ff27d4b1000-7ff27d4b5000 r--s 00029000 08:01 8913642                    /home/benni/.m2/repository/org/codehaus/plexus/plexus-archiver/1.2/plexus-archiver-1.2.jar
7ff27d4b5000-7ff27d6b5000 rw-p 00000000 00:00 0 
7ff27d6b5000-7ff27d6cc000 r-xp 00000000 08:01 8394034                    /lib/x86_64-linux-gnu/libresolv-2.23.so
7ff27d6cc000-7ff27d8cc000 ---p 00017000 08:01 8394034                    /lib/x86_64-linux-gnu/libresolv-2.23.so
7ff27d8cc000-7ff27d8cd000 r--p 00017000 08:01 8394034                    /lib/x86_64-linux-gnu/libresolv-2.23.so
7ff27d8cd000-7ff27d8ce000 rw-p 00018000 08:01 8394034                    /lib/x86_64-linux-gnu/libresolv-2.23.so
7ff27d8ce000-7ff27d8d0000 rw-p 00000000 00:00 0 
7ff27d8d0000-7ff27d8d5000 r-xp 00000000 08:01 8394058                    /lib/x86_64-linux-gnu/libnss_dns-2.23.so
7ff27d8d5000-7ff27dad5000 ---p 00005000 08:01 8394058                    /lib/x86_64-linux-gnu/libnss_dns-2.23.so
7ff27dad5000-7ff27dad6000 r--p 00005000 08:01 8394058                    /lib/x86_64-linux-gnu/libnss_dns-2.23.so
7ff27dad6000-7ff27dad7000 rw-p 00006000 08:01 8394058                    /lib/x86_64-linux-gnu/libnss_dns-2.23.so
7ff27dad7000-7ff27dad9000 r-xp 00000000 08:01 8393261                    /lib/x86_64-linux-gnu/libnss_mdns4_minimal.so.2
7ff27dad9000-7ff27dcd8000 ---p 00002000 08:01 8393261                    /lib/x86_64-linux-gnu/libnss_mdns4_minimal.so.2
7ff27dcd8000-7ff27dcd9000 r--p 00001000 08:01 8393261                    /lib/x86_64-linux-gnu/libnss_mdns4_minimal.so.2
7ff27dcd9000-7ff27dcda000 rw-p 00002000 08:01 8393261                    /lib/x86_64-linux-gnu/libnss_mdns4_minimal.so.2
7ff27dcda000-7ff27deda000 rw-p 00000000 00:00 0 
7ff27deda000-7ff27def0000 r-xp 00000000 08:01 8393194                    /lib/x86_64-linux-gnu/libgcc_s.so.1
7ff27def0000-7ff27e0ef000 ---p 00016000 08:01 8393194                    /lib/x86_64-linux-gnu/libgcc_s.so.1
7ff27e0ef000-7ff27e0f0000 rw-p 00015000 08:01 8393194                    /lib/x86_64-linux-gnu/libgcc_s.so.1
7ff27e0f0000-7ff27e0f2000 r--s 0000d000 08:01 11670789                   /home/benni/.m2/repository/org/apache/cxf/cxf-tools-wsdlto-core/2.7.15/cxf-tools-wsdlto-core-2.7.15.jar
7ff27e0f2000-7ff27e0f6000 r--s 00033000 08:01 7736007                    /home/benni/.m2/repository/org/codehaus/plexus/plexus-utils/2.0.5/plexus-utils-2.0.5.jar
7ff27e0f6000-7ff27e0f8000 r--s 00002000 08:01 11011908                   /home/benni/.m2/repository/org/apache/maven/shared/maven-artifact-resolver/1.0/maven-artifact-resolver-1.0.jar
7ff27e0f8000-7ff27e0f9000 r--s 00010000 08:01 8394079                    /home/benni/.m2/repository/org/apache/cxf/cxf-codegen-plugin/2.7.15/cxf-codegen-plugin-2.7.15.jar
7ff27e0f9000-7ff27e0fb000 r--s 00005000 08:01 7737345                    /home/benni/.m2/repository/org/apache/maven/plugins/maven-clean-plugin/2.5/maven-clean-plugin-2.5.jar
7ff27e0fb000-7ff27e100000 r--s 0003e000 08:01 11011571                   /usr/lib/jvm/java-8-oracle/jre/lib/ext/sunjce_provider.jar
7ff27e100000-7ff27e113000 r--s 00345000 08:01 10362496                   /usr/lib/jvm/java-8-oracle/jre/lib/resources.jar
7ff27e113000-7ff27e145000 r-xp 00000000 08:01 11412646                   /usr/lib/jvm/java-8-oracle/jre/lib/amd64/libsunec.so
7ff27e145000-7ff27e344000 ---p 00032000 08:01 11412646                   /usr/lib/jvm/java-8-oracle/jre/lib/amd64/libsunec.so
7ff27e344000-7ff27e34a000 rw-p 00031000 08:01 11412646                   /usr/lib/jvm/java-8-oracle/jre/lib/amd64/libsunec.so
7ff27e34a000-7ff27e55a000 rw-p 00000000 00:00 0 
7ff27e55a000-7ff27e55c000 r--s 00009000 08:01 11011561                   /usr/lib/jvm/java-8-oracle/jre/lib/ext/sunec.jar
7ff27e55c000-7ff27e55f000 r--s 0003a000 08:01 11011568                   /usr/lib/jvm/java-8-oracle/jre/lib/ext/sunpkcs11.jar
7ff27e55f000-7ff27e562000 r--s 0001a000 08:01 10362503                   /usr/lib/jvm/java-8-oracle/jre/lib/jce.jar
7ff27e562000-7ff27e563000 r--s 00002000 08:01 7737142                    /home/benni/.m2/repository/org/mule/tools/mule-artifact-archiver/1.1/mule-artifact-archiver-1.1.jar
7ff27e563000-7ff27e564000 r--s 00002000 08:01 7737220                    /home/benni/.m2/repository/org/slf4j/slf4j-simple/1.6.6/slf4j-simple-1.6.6.jar
7ff27e564000-7ff27e565000 r--s 00001000 08:01 7737218                    /home/benni/.m2/repository/org/sonatype/plexus/plexus-build-api/0.0.4/plexus-build-api-0.0.4.jar
7ff27e565000-7ff27e567000 r--s 0000d000 08:01 7737198                    /home/benni/.m2/repository/org/codehaus/plexus/plexus-interpolation/1.12/plexus-interpolation-1.12.jar
7ff27e567000-7ff27e569000 r--s 00002000 08:01 7737207                    /home/benni/.m2/repository/org/codehaus/plexus/plexus-interactivity-api/1.0-alpha-4/plexus-interactivity-api-1.0-alpha-4.jar
7ff27e569000-7ff27e56b000 r--s 00006000 08:01 7737206                    /home/benni/.m2/repository/commons-cli/commons-cli/1.0/commons-cli-1.0.jar
7ff27e56b000-7ff27e56d000 r--s 00009000 08:01 7737190                    /home/benni/.m2/repository/org/apache/maven/shared/maven-filtering/1.0/maven-filtering-1.0.jar
7ff27e56d000-7ff27e570000 r--s 0000c000 08:01 7737189                    /home/benni/.m2/repository/org/codehaus/plexus/plexus-io/2.0.1/plexus-io-2.0.1.jar
7ff27e570000-7ff27e574000 r--s 00034000 08:01 7737184                    /home/benni/.m2/repository/org/codehaus/plexus/plexus-utils/3.0/plexus-utils-3.0.jar
7ff27e574000-7ff27e577000 r--s 0001b000 08:01 7737180                    /home/benni/.m2/repository/junit/junit/3.8.1/junit-3.8.1.jar
7ff27e577000-7ff27e57b000 r--s 00028000 08:01 7737177                    /home/benni/.m2/repository/org/codehaus/plexus/plexus-archiver/2.0.1/plexus-archiver-2.0.1.jar
7ff27e57b000-7ff27e5f5000 r--s 010f7000 08:01 9440400                    /usr/lib/jvm/java-8-oracle/lib/tools.jar
7ff27e5f5000-7ff27e5f8000 r--s 0001f000 08:01 7737172                    /home/benni/.m2/repository/jtidy/jtidy/4aug2000r7-dev/jtidy-4aug2000r7-dev.jar
7ff27e5f8000-7ff27e5f9000 r--s 00001000 08:01 7737170                    /home/benni/.m2/repository/org/apache/maven/doxia/doxia-sink-api/1.0-alpha-7/doxia-sink-api-1.0-alpha-7.jar
7ff27e5f9000-7ff27e5fa000 r--s 00002000 08:01 7737168                    /home/benni/.m2/repository/org/apache/maven/reporting/maven-reporting-api/2.0.6/maven-reporting-api-2.0.6.jar
7ff27e5fa000-7ff27e5fc000 r--s 0000c000 08:01 7218307                    /home/benni/.m2/repository/org/apache/maven/plugin-tools/maven-plugin-tools-api/2.6/maven-plugin-tools-api-2.6.jar
7ff27e5fc000-7ff27e5fe000 r--s 00001000 08:01 6819884                    /home/benni/.m2/repository/org/jfrog/maven/annomojo/maven-plugin-anno/1.4.0/maven-plugin-anno-1.4.0.jar
7ff27e5fe000-7ff27e5ff000 r--s 00003000 08:01 6686555                    /home/benni/.m2/repository/org/jfrog/maven/annomojo/maven-plugin-tools-anno/1.4.0/maven-plugin-tools-anno-1.4.0.jar
7ff27e5ff000-7ff27e600000 r--s 00005000 08:01 6293764                    /home/benni/.m2/repository/org/mule/tools/maven/mule-app-maven-plugin/1.2/mule-app-maven-plugin-1.2.jar
7ff27e600000-7ff27e800000 rw-p 00000000 00:00 0 
7ff27e800000-7ff27e811000 r-xp 00000000 08:01 11415984                   /usr/lib/jvm/java-8-oracle/jre/lib/amd64/libnio.so
7ff27e811000-7ff27ea10000 ---p 00011000 08:01 11415984                   /usr/lib/jvm/java-8-oracle/jre/lib/amd64/libnio.so
7ff27ea10000-7ff27ea11000 rw-p 00010000 08:01 11415984                   /usr/lib/jvm/java-8-oracle/jre/lib/amd64/libnio.so
7ff27ea11000-7ff27ea28000 r-xp 00000000 08:01 11414725                   /usr/lib/jvm/java-8-oracle/jre/lib/amd64/libnet.so
7ff27ea28000-7ff27ec27000 ---p 00017000 08:01 11414725                   /usr/lib/jvm/java-8-oracle/jre/lib/amd64/libnet.so
7ff27ec27000-7ff27ec28000 rw-p 00016000 08:01 11414725                   /usr/lib/jvm/java-8-oracle/jre/lib/amd64/libnet.so
7ff27ec28000-7ff27ec2d000 r--s 0009a000 08:01 10362497                   /usr/lib/jvm/java-8-oracle/jre/lib/jsse.jar
7ff27ec2d000-7ff27ee2d000 rw-p 00000000 00:00 0 
7ff27ee2d000-7ff27f02d000 rw-p 00000000 00:00 0 
7ff27f02d000-7ff27f22d000 rw-p 00000000 00:00 0 
7ff27f22d000-7ff27f234000 r--s 00041000 08:01 9710615                    /usr/share/java/maven3-compat-3.3.9.jar
7ff27f234000-7ff27f235000 r--s 00006000 08:01 9710617                    /usr/share/java/maven3-repository-metadata-3.3.9.jar
7ff27f235000-7ff27f237000 r--s 0000a000 08:01 9710597                    /usr/share/java/wagon-provider-api-2.x.jar
7ff27f237000-7ff27f245000 r--s 00095000 08:01 9710486                    /usr/share/java/guice.jar
7ff27f245000-7ff27f24c000 r--s 0002c000 08:01 9710594                    /usr/share/java/sisu-plexus.jar
7ff27f24c000-7ff27f250000 r--s 00027000 08:01 9710331                    /usr/share/java/commons-io-2.4.jar
7ff27f250000-7ff27f252000 r--s 00005000 08:01 9710468                    /usr/share/java/eclipse-aether-transport-wagon.jar
7ff27f252000-7ff27f254000 r--s 0000a000 08:01 9710614                    /usr/share/java/maven3-plugin-api-3.3.9.jar
7ff27f254000-7ff27f256000 r--s 00001000 08:01 9710481                    /usr/share/java/aopalliance-1.0.jar
7ff27f256000-7ff27f25e000 r--s 00054000 08:01 9710592                    /usr/share/java/sisu-inject.jar
7ff27f25e000-7ff27f263000 r--s 00025000 08:01 9710618                    /usr/share/java/maven3-model-builder-3.3.9.jar
7ff27f263000-7ff27f265000 r--s 00002000 08:01 9710534                    /usr/share/java/plexus-cipher.jar
7ff27f265000-7ff27f266000 r--s 00008000 08:01 9710465                    /usr/share/java/eclipse-aether-connector-basic.jar
7ff27f266000-7ff27f26a000 r--s 00038000 08:01 9710580                    /usr/share/java/plexus-utils2.jar
7ff27f26a000-7ff27f26d000 r--s 0000a000 08:01 9710624                    /usr/share/java/maven3-artifact-3.3.9.jar
7ff27f26d000-7ff27f27a000 r--s 0008d000 08:01 9710616                    /usr/share/java/maven3-core-3.3.9.jar
7ff27f27a000-7ff27f27b000 ---p 00000000 00:00 0 
7ff27f27b000-7ff27f37b000 rw-p 00000000 00:00 0 
7ff27f37b000-7ff27f37e000 ---p 00000000 00:00 0 
7ff27f37e000-7ff27f47c000 rw-p 00000000 00:00 0 
7ff27f47c000-7ff27f47f000 ---p 00000000 00:00 0 
7ff27f47f000-7ff27f57d000 rw-p 00000000 00:00 0 
7ff27f57d000-7ff27f580000 ---p 00000000 00:00 0 
7ff27f580000-7ff27f67e000 rw-p 00000000 00:00 0 
7ff27f67e000-7ff27f681000 ---p 00000000 00:00 0 
7ff27f681000-7ff27f77f000 rw-p 00000000 00:00 0 
7ff27f77f000-7ff27f782000 ---p 00000000 00:00 0 
7ff27f782000-7ff27f880000 rw-p 00000000 00:00 0 
7ff27f880000-7ff27fb59000 r--p 00000000 08:01 9044736                    /usr/lib/locale/locale-archive
7ff27fb59000-7ff27fb5c000 ---p 00000000 00:00 0 
7ff27fb5c000-7ff27fc5a000 rw-p 00000000 00:00 0 
7ff27fc5a000-7ff27fc5d000 ---p 00000000 00:00 0 
7ff27fc5d000-7ff27fd5b000 rw-p 00000000 00:00 0 
7ff27fd5b000-7ff27fd5c000 ---p 00000000 00:00 0 
7ff27fd5c000-7ff284000000 rw-p 00000000 00:00 0 
7ff284000000-7ff284021000 rw-p 00000000 00:00 0 
7ff284021000-7ff288000000 ---p 00000000 00:00 0 
7ff288000000-7ff288021000 rw-p 00000000 00:00 0 
7ff288021000-7ff28c000000 ---p 00000000 00:00 0 
7ff28c000000-7ff28c021000 rw-p 00000000 00:00 0 
7ff28c021000-7ff290000000 ---p 00000000 00:00 0 
7ff290000000-7ff290021000 rw-p 00000000 00:00 0 
7ff290021000-7ff294000000 ---p 00000000 00:00 0 
7ff294000000-7ff294002000 r--s 0000a000 08:01 9710319                    /usr/share/java/commons-cli-1.3.1.jar
7ff294002000-7ff294004000 r--s 00013000 08:01 9710619                    /usr/share/java/maven3-embedder-3.3.9.jar
7ff294004000-7ff294005000 r--s 00002000 08:01 9710386                    /usr/share/java/slf4j-simple.jar
7ff294005000-7ff29400b000 r--s 00048000 08:01 9710405                    /usr/share/java/jsoup.jar
7ff29400b000-7ff29400d000 r--s 0000e000 08:01 9710368                    /usr/share/java/plexus-interpolation.jar
7ff29400d000-7ff29400f000 r--s 00007000 08:01 9710389                    /usr/share/java/slf4j-api.jar
7ff29400f000-7ff294010000 r--s 00006000 08:01 9710536                    /usr/share/java/plexus-sec-dispatcher.jar
7ff294010000-7ff294011000 r--s 00004000 08:01 9710303                    /usr/share/java/atinject-jsr330-tck-1.0.jar
7ff294011000-7ff294013000 r--s 00001000 08:01 9710623                    /usr/share/java/maven3-builder-support-3.3.9.jar
7ff294013000-7ff294018000 r--s 0001d000 08:01 9710469                    /usr/share/java/eclipse-aether-api.jar
7ff294018000-7ff294049000 r--s 00207000 08:01 9710600                    /usr/share/java/wagon-http-shaded-2.x.jar
7ff294049000-7ff294075000 r--s 00208000 08:01 9710409                    /usr/share/java/guava.jar
7ff294075000-7ff295000000 rw-p 00000000 00:00 0 
7ff295000000-7ff2972f0000 rwxp 00000000 00:00 0 
7ff2972f0000-7ff2a4000000 ---p 00000000 00:00 0 
7ff2a4000000-7ff2a62ca000 rw-p 00000000 00:00 0 
7ff2a62ca000-7ff2a8000000 ---p 00000000 00:00 0 
7ff2a8000000-7ff2a8004000 r--s 00020000 08:01 9710470                    /usr/share/java/eclipse-aether-util.jar
7ff2a8004000-7ff2a8005000 r--s 00001000 08:01 9710596                    /usr/share/java/wagon-file-2.x.jar
7ff2a8005000-7ff2a8007000 r--s 00027000 08:01 9710620                    /usr/share/java/maven3-model-3.3.9.jar
7ff2a8007000-7ff2a845a000 rw-p 00000000 00:00 0 
7ff2a845a000-7ff2a8633000 r--s 03d5a000 08:01 10362492                   /usr/lib/jvm/java-8-oracle/jre/lib/rt.jar
7ff2a8633000-7ff2a8a83000 rw-p 00000000 00:00 0 
7ff2a8a83000-7ff2a8a84000 ---p 00000000 00:00 0 
7ff2a8a84000-7ff2a8b84000 rw-p 00000000 00:00 0 
7ff2a8b84000-7ff2a8b85000 ---p 00000000 00:00 0 
7ff2a8b85000-7ff2a8c85000 rw-p 00000000 00:00 0 
7ff2a8c85000-7ff2a8c86000 ---p 00000000 00:00 0 
7ff2a8c86000-7ff2a8d86000 rw-p 00000000 00:00 0 
7ff2a8d86000-7ff2a8d87000 ---p 00000000 00:00 0 
7ff2a8d87000-7ff2a8ec5000 rw-p 00000000 00:00 0 
7ff2a8ec5000-7ff2a9119000 ---p 00000000 00:00 0 
7ff2a9119000-7ff2a9157000 rw-p 00000000 00:00 0 
7ff2a9157000-7ff2a93aa000 ---p 00000000 00:00 0 
7ff2a93aa000-7ff2a94ac000 rw-p 00000000 00:00 0 
7ff2a94ac000-7ff2a94f3000 ---p 00000000 00:00 0 
7ff2a94f3000-7ff2a9580000 rw-p 00000000 00:00 0 
7ff2a9580000-7ff2a98b4000 ---p 00000000 00:00 0 
7ff2a98b4000-7ff2a98cf000 r-xp 00000000 08:01 11414582                   /usr/lib/jvm/java-8-oracle/jre/lib/amd64/libzip.so
7ff2a98cf000-7ff2a9acf000 ---p 0001b000 08:01 11414582                   /usr/lib/jvm/java-8-oracle/jre/lib/amd64/libzip.so
7ff2a9acf000-7ff2a9ad0000 rw-p 0001b000 08:01 11414582                   /usr/lib/jvm/java-8-oracle/jre/lib/amd64/libzip.so
7ff2a9ad0000-7ff2a9adb000 r-xp 00000000 08:01 8394061                    /lib/x86_64-linux-gnu/libnss_files-2.23.so
7ff2a9adb000-7ff2a9cda000 ---p 0000b000 08:01 8394061                    /lib/x86_64-linux-gnu/libnss_files-2.23.so
7ff2a9cda000-7ff2a9cdb000 r--p 0000a000 08:01 8394061                    /lib/x86_64-linux-gnu/libnss_files-2.23.so
7ff2a9cdb000-7ff2a9cdc000 rw-p 0000b000 08:01 8394061                    /lib/x86_64-linux-gnu/libnss_files-2.23.so
7ff2a9cdc000-7ff2a9ce2000 rw-p 00000000 00:00 0 
7ff2a9ce2000-7ff2a9ced000 r-xp 00000000 08:01 8394065                    /lib/x86_64-linux-gnu/libnss_nis-2.23.so
7ff2a9ced000-7ff2a9eec000 ---p 0000b000 08:01 8394065                    /lib/x86_64-linux-gnu/libnss_nis-2.23.so
7ff2a9eec000-7ff2a9eed000 r--p 0000a000 08:01 8394065                    /lib/x86_64-linux-gnu/libnss_nis-2.23.so
7ff2a9eed000-7ff2a9eee000 rw-p 0000b000 08:01 8394065                    /lib/x86_64-linux-gnu/libnss_nis-2.23.so
7ff2a9eee000-7ff2a9f04000 r-xp 00000000 08:01 8394024                    /lib/x86_64-linux-gnu/libnsl-2.23.so
7ff2a9f04000-7ff2aa103000 ---p 00016000 08:01 8394024                    /lib/x86_64-linux-gnu/libnsl-2.23.so
7ff2aa103000-7ff2aa104000 r--p 00015000 08:01 8394024                    /lib/x86_64-linux-gnu/libnsl-2.23.so
7ff2aa104000-7ff2aa105000 rw-p 00016000 08:01 8394024                    /lib/x86_64-linux-gnu/libnsl-2.23.so
7ff2aa105000-7ff2aa107000 rw-p 00000000 00:00 0 
7ff2aa107000-7ff2aa10f000 r-xp 00000000 08:01 8394054                    /lib/x86_64-linux-gnu/libnss_compat-2.23.so
7ff2aa10f000-7ff2aa30e000 ---p 00008000 08:01 8394054                    /lib/x86_64-linux-gnu/libnss_compat-2.23.so
7ff2aa30e000-7ff2aa30f000 r--p 00007000 08:01 8394054                    /lib/x86_64-linux-gnu/libnss_compat-2.23.so
7ff2aa30f000-7ff2aa310000 rw-p 00008000 08:01 8394054                    /lib/x86_64-linux-gnu/libnss_compat-2.23.so
7ff2aa310000-7ff2aa33b000 r-xp 00000000 08:01 11414399                   /usr/lib/jvm/java-8-oracle/jre/lib/amd64/libjava.so
7ff2aa33b000-7ff2aa53a000 ---p 0002b000 08:01 11414399                   /usr/lib/jvm/java-8-oracle/jre/lib/amd64/libjava.so
7ff2aa53a000-7ff2aa53c000 rw-p 0002a000 08:01 11414399                   /usr/lib/jvm/java-8-oracle/jre/lib/amd64/libjava.so
7ff2aa53c000-7ff2aa549000 r-xp 00000000 08:01 11414521                   /usr/lib/jvm/java-8-oracle/jre/lib/amd64/libverify.so
7ff2aa549000-7ff2aa749000 ---p 0000d000 08:01 11414521                   /usr/lib/jvm/java-8-oracle/jre/lib/amd64/libverify.so
7ff2aa749000-7ff2aa74b000 rw-p 0000d000 08:01 11414521                   /usr/lib/jvm/java-8-oracle/jre/lib/amd64/libverify.so
7ff2aa74b000-7ff2aa752000 r-xp 00000000 08:01 8394066                    /lib/x86_64-linux-gnu/librt-2.23.so
7ff2aa752000-7ff2aa951000 ---p 00007000 08:01 8394066                    /lib/x86_64-linux-gnu/librt-2.23.so
7ff2aa951000-7ff2aa952000 r--p 00006000 08:01 8394066                    /lib/x86_64-linux-gnu/librt-2.23.so
7ff2aa952000-7ff2aa953000 rw-p 00007000 08:01 8394066                    /lib/x86_64-linux-gnu/librt-2.23.so
7ff2aa953000-7ff2aaa5b000 r-xp 00000000 08:01 8394023                    /lib/x86_64-linux-gnu/libm-2.23.so
7ff2aaa5b000-7ff2aac5a000 ---p 00108000 08:01 8394023                    /lib/x86_64-linux-gnu/libm-2.23.so
7ff2aac5a000-7ff2aac5b000 r--p 00107000 08:01 8394023                    /lib/x86_64-linux-gnu/libm-2.23.so
7ff2aac5b000-7ff2aac5c000 rw-p 00108000 08:01 8394023                    /lib/x86_64-linux-gnu/libm-2.23.so
7ff2aac5c000-7ff2ab92f000 r-xp 00000000 08:01 11413693                   /usr/lib/jvm/java-8-oracle/jre/lib/amd64/server/libjvm.so
7ff2ab92f000-7ff2abb2e000 ---p 00cd3000 08:01 11413693                   /usr/lib/jvm/java-8-oracle/jre/lib/amd64/server/libjvm.so
7ff2abb2e000-7ff2abc08000 rw-p 00cd2000 08:01 11413693                   /usr/lib/jvm/java-8-oracle/jre/lib/amd64/server/libjvm.so
7ff2abc08000-7ff2abc53000 rw-p 00000000 00:00 0 
7ff2abc53000-7ff2abe13000 r-xp 00000000 08:01 8394027                    /lib/x86_64-linux-gnu/libc-2.23.so
7ff2abe13000-7ff2ac013000 ---p 001c0000 08:01 8394027                    /lib/x86_64-linux-gnu/libc-2.23.so
7ff2ac013000-7ff2ac017000 r--p 001c0000 08:01 8394027                    /lib/x86_64-linux-gnu/libc-2.23.so
7ff2ac017000-7ff2ac019000 rw-p 001c4000 08:01 8394027                    /lib/x86_64-linux-gnu/libc-2.23.so
7ff2ac019000-7ff2ac01d000 rw-p 00000000 00:00 0 
7ff2ac01d000-7ff2ac020000 r-xp 00000000 08:01 8394029                    /lib/x86_64-linux-gnu/libdl-2.23.so
7ff2ac020000-7ff2ac21f000 ---p 00003000 08:01 8394029                    /lib/x86_64-linux-gnu/libdl-2.23.so
7ff2ac21f000-7ff2ac220000 r--p 00002000 08:01 8394029                    /lib/x86_64-linux-gnu/libdl-2.23.so
7ff2ac220000-7ff2ac221000 rw-p 00003000 08:01 8394029                    /lib/x86_64-linux-gnu/libdl-2.23.so
7ff2ac221000-7ff2ac237000 r-xp 00000000 08:01 9572048                    /usr/lib/jvm/java-8-oracle/lib/amd64/jli/libjli.so
7ff2ac237000-7ff2ac436000 ---p 00016000 08:01 9572048                    /usr/lib/jvm/java-8-oracle/lib/amd64/jli/libjli.so
7ff2ac436000-7ff2ac437000 rw-p 00015000 08:01 9572048                    /usr/lib/jvm/java-8-oracle/lib/amd64/jli/libjli.so
7ff2ac437000-7ff2ac44f000 r-xp 00000000 08:01 8394026                    /lib/x86_64-linux-gnu/libpthread-2.23.so
7ff2ac44f000-7ff2ac64e000 ---p 00018000 08:01 8394026                    /lib/x86_64-linux-gnu/libpthread-2.23.so
7ff2ac64e000-7ff2ac64f000 r--p 00017000 08:01 8394026                    /lib/x86_64-linux-gnu/libpthread-2.23.so
7ff2ac64f000-7ff2ac650000 rw-p 00018000 08:01 8394026                    /lib/x86_64-linux-gnu/libpthread-2.23.so
7ff2ac650000-7ff2ac654000 rw-p 00000000 00:00 0 
7ff2ac654000-7ff2ac67a000 r-xp 00000000 08:01 8394025                    /lib/x86_64-linux-gnu/ld-2.23.so
7ff2ac67a000-7ff2ac67c000 r--s 0000d000 08:01 9710621                    /usr/share/java/maven3-aether-provider-3.3.9.jar
7ff2ac67c000-7ff2ac681000 r--s 00040000 08:01 9710333                    /usr/share/java/commons-lang-2.6.jar
7ff2ac681000-7ff2ac685000 r--s 00027000 08:01 9710462                    /usr/share/java/eclipse-aether-impl.jar
7ff2ac685000-7ff2ac750000 rw-p 00000000 00:00 0 
7ff2ac750000-7ff2ac753000 ---p 00000000 00:00 0 
7ff2ac753000-7ff2ac856000 rw-p 00000000 00:00 0 
7ff2ac856000-7ff2ac857000 r--s 0000a000 08:01 9710613                    /usr/share/java/maven3-settings-3.3.9.jar
7ff2ac857000-7ff2ac859000 r--s 00006000 08:01 9710467                    /usr/share/java/eclipse-aether-spi.jar
7ff2ac859000-7ff2ac85a000 r--s 00000000 08:01 9710309                    /usr/share/java/geronimo-interceptor-3.0-spec-1.0.1.jar
7ff2ac85a000-7ff2ac85c000 r--s 00012000 08:01 9707072                    /usr/share/java/el-api-3.0.jar
7ff2ac85c000-7ff2ac85d000 r--s 00000000 08:01 9710304                    /usr/share/java/atinject-jsr330-api-1.0.jar
7ff2ac85d000-7ff2ac860000 r--s 00008000 08:01 9710311                    /usr/share/java/cdi-api-1.0.jar
7ff2ac860000-7ff2ac861000 r--s 00001000 08:01 9710603                    /usr/share/java/wagon-http-shared-2.x.jar
7ff2ac861000-7ff2ac863000 r--s 00000000 08:01 9710584                    /usr/share/java/plexus-component-annotations-1.5.jar
7ff2ac863000-7ff2ac86a000 r--s 0005d000 08:01 9710335                    /usr/share/java/commons-lang3.jar
7ff2ac86a000-7ff2ac86d000 r--s 00007000 08:01 9710622                    /usr/share/java/maven3-settings-builder-3.3.9.jar
7ff2ac86d000-7ff2ac86f000 r--s 0000a000 08:01 9710578                    /usr/share/java/plexus-classworlds2-2.5.2.jar
7ff2ac86f000-7ff2ac877000 rw-s 00000000 08:01 16253432                   /tmp/hsperfdata_benni/26871
7ff2ac877000-7ff2ac878000 rw-p 00000000 00:00 0 
7ff2ac878000-7ff2ac879000 ---p 00000000 00:00 0 
7ff2ac879000-7ff2ac87a000 r--p 00025000 08:01 8394025                    /lib/x86_64-linux-gnu/ld-2.23.so
7ff2ac87a000-7ff2ac87b000 rw-p 00026000 08:01 8394025                    /lib/x86_64-linux-gnu/ld-2.23.so
7ff2ac87b000-7ff2ac87c000 rw-p 00000000 00:00 0 
7ffe7712c000-7ffe7714d000 rw-p 00000000 00:00 0                          [stack]
7ffe771a2000-7ffe771a4000 r--p 00000000 00:00 0                          [vvar]
7ffe771a4000-7ffe771a6000 r-xp 00000000 00:00 0                          [vdso]
ffffffffff600000-ffffffffff601000 r-xp 00000000 00:00 0                  [vsyscall]

VM Arguments:
jvm_args: -Dclassworlds.conf=/usr/share/maven/bin/m2.conf -Dmaven.home=/usr/share/maven -Dmaven.multiModuleProjectDirectory=/home/benni/AnypointStudio/workspace/web-admin 
java_command: org.codehaus.plexus.classworlds.launcher.Launcher -B clean package -DskipMunitTests
java_class_path (initial): /usr/share/maven/boot/plexus-classworlds-2.x.jar
Launcher Type: SUN_STANDARD

Environment Variables:
JAVA_HOME=/usr/lib/jvm/java-8-oracle
PATH=/home/benni/bin:/home/benni/.local/bin:/usr/local/sbin:/usr/local/bin:/usr/sbin:/usr/bin:/sbin:/bin:/usr/games:/usr/local/games:/usr/lib/jvm/java-8-oracle/bin:/usr/lib/jvm/java-8-oracle/db/bin:/usr/lib/jvm/java-8-oracle/jre/bin
USERNAME=benni
SHELL=/bin/bash
DISPLAY=:0

Signal Handlers:
SIGSEGV: [libjvm.so+0xacbe10], sa_mask[0]=11111111011111111101111111111110, sa_flags=SA_RESTART|SA_SIGINFO
SIGBUS: [libjvm.so+0xacbe10], sa_mask[0]=11111111011111111101111111111110, sa_flags=SA_RESTART|SA_SIGINFO
SIGFPE: [libjvm.so+0x924f90], sa_mask[0]=11111111011111111101111111111110, sa_flags=SA_RESTART|SA_SIGINFO
SIGPIPE: [libjvm.so+0x924f90], sa_mask[0]=11111111011111111101111111111110, sa_flags=SA_RESTART|SA_SIGINFO
SIGXFSZ: [libjvm.so+0x924f90], sa_mask[0]=11111111011111111101111111111110, sa_flags=SA_RESTART|SA_SIGINFO
SIGILL: [libjvm.so+0x924f90], sa_mask[0]=11111111011111111101111111111110, sa_flags=SA_RESTART|SA_SIGINFO
SIGUSR1: SIG_DFL, sa_mask[0]=00000000000000000000000000000000, sa_flags=none
SIGUSR2: [libjvm.so+0x9267d0], sa_mask[0]=00100000000000000000000000000000, sa_flags=SA_RESTART|SA_SIGINFO
SIGHUP: [libjvm.so+0x927bd0], sa_mask[0]=11111111011111111101111111111110, sa_flags=SA_RESTART|SA_SIGINFO
SIGINT: [libjvm.so+0x927bd0], sa_mask[0]=11111111011111111101111111111110, sa_flags=SA_RESTART|SA_SIGINFO
SIGTERM: [libjvm.so+0x927bd0], sa_mask[0]=11111111011111111101111111111110, sa_flags=SA_RESTART|SA_SIGINFO
SIGQUIT: [libjvm.so+0x927bd0], sa_mask[0]=11111111011111111101111111111110, sa_flags=SA_RESTART|SA_SIGINFO


---------------  S Y S T E M  ---------------

OS:DISTRIB_ID=LinuxMint
DISTRIB_RELEASE=18.1
DISTRIB_CODENAME=serena
DISTRIB_DESCRIPTION="Linux Mint 18.1 Serena"

uname:Linux 4.4.0-53-generic #74-Ubuntu SMP Fri Dec 2 15:59:10 UTC 2016 x86_64
libc:glibc 2.23 NPTL 2.23 
rlimit: STACK 8192k, CORE 0k, NPROC 31363, NOFILE 1048576, AS infinity
load average:2,84 1,96 2,01

/proc/meminfo:
MemTotal:        8072312 kB
MemFree:          147092 kB
MemAvailable:      61468 kB
Buffers:            1456 kB
Cached:          1109644 kB
SwapCached:            0 kB
Active:          6616828 kB
Inactive:        1062384 kB
Active(anon):    6581728 kB
Inactive(anon):  1041456 kB
Active(file):      35100 kB
Inactive(file):    20928 kB
Unevictable:          24 kB
Mlocked:              24 kB
SwapTotal:             0 kB
SwapFree:              0 kB
Dirty:               304 kB
Writeback:             0 kB
AnonPages:       6569004 kB
Mapped:           725492 kB
Shmem:           1054256 kB
Slab:             101828 kB
SReclaimable:      55464 kB
SUnreclaim:        46364 kB
KernelStack:       16256 kB
PageTables:        63372 kB
NFS_Unstable:          0 kB
Bounce:                0 kB
WritebackTmp:          0 kB
CommitLimit:     4036156 kB
Committed_AS:   14851416 kB
VmallocTotal:   34359738367 kB
VmallocUsed:           0 kB
VmallocChunk:          0 kB
HardwareCorrupted:     0 kB
AnonHugePages:   2199552 kB
CmaTotal:              0 kB
CmaFree:               0 kB
HugePages_Total:       0
HugePages_Free:        0
HugePages_Rsvd:        0
HugePages_Surp:        0
Hugepagesize:       2048 kB
DirectMap4k:      138804 kB
DirectMap2M:     5001216 kB
DirectMap1G:     4194304 kB


CPU:total 4 (initial active 4) (2 cores per cpu, 2 threads per core) family 6 model 78 stepping 3, cmov, cx8, fxsr, mmx, sse, sse2, sse3, ssse3, sse4.1, sse4.2, popcnt, avx, avx2, aes, clmul, erms, 3dnowpref, lzcnt, ht, tsc, tscinvbit, bmi1, bmi2, adx

/proc/cpuinfo:
processor	: 0
vendor_id	: GenuineIntel
cpu family	: 6
model		: 78
model name	: Intel(R) Core(TM) i5-6200U CPU @ 2.30GHz
stepping	: 3
microcode	: 0x6a
cpu MHz		: 499.312
cache size	: 3072 KB
physical id	: 0
siblings	: 4
core id		: 0
cpu cores	: 2
apicid		: 0
initial apicid	: 0
fpu		: yes
fpu_exception	: yes
cpuid level	: 22
wp		: yes
flags		: fpu vme de pse tsc msr pae mce cx8 apic sep mtrr pge mca cmov pat pse36 clflush dts acpi mmx fxsr sse sse2 ss ht tm pbe syscall nx pdpe1gb rdtscp lm constant_tsc art arch_perfmon pebs bts rep_good nopl xtopology nonstop_tsc aperfmperf eagerfpu pni pclmulqdq dtes64 monitor ds_cpl vmx est tm2 ssse3 sdbg fma cx16 xtpr pdcm pcid sse4_1 sse4_2 x2apic movbe popcnt tsc_deadline_timer aes xsave avx f16c rdrand lahf_lm abm 3dnowprefetch epb intel_pt tpr_shadow vnmi flexpriority ept vpid fsgsbase tsc_adjust bmi1 avx2 smep bmi2 erms invpcid mpx rdseed adx smap clflushopt xsaveopt xsavec xgetbv1 dtherm ida arat pln pts hwp hwp_notify hwp_act_window hwp_epp
bugs		:
bogomips	: 4800.43
clflush size	: 64
cache_alignment	: 64
address sizes	: 39 bits physical, 48 bits virtual
power management:

processor	: 1
vendor_id	: GenuineIntel
cpu family	: 6
model		: 78
model name	: Intel(R) Core(TM) i5-6200U CPU @ 2.30GHz
stepping	: 3
microcode	: 0x6a
cpu MHz		: 498.468
cache size	: 3072 KB
physical id	: 0
siblings	: 4
core id		: 1
cpu cores	: 2
apicid		: 2
initial apicid	: 2
fpu		: yes
fpu_exception	: yes
cpuid level	: 22
wp		: yes
flags		: fpu vme de pse tsc msr pae mce cx8 apic sep mtrr pge mca cmov pat pse36 clflush dts acpi mmx fxsr sse sse2 ss ht tm pbe syscall nx pdpe1gb rdtscp lm constant_tsc art arch_perfmon pebs bts rep_good nopl xtopology nonstop_tsc aperfmperf eagerfpu pni pclmulqdq dtes64 monitor ds_cpl vmx est tm2 ssse3 sdbg fma cx16 xtpr pdcm pcid sse4_1 sse4_2 x2apic movbe popcnt tsc_deadline_timer aes xsave avx f16c rdrand lahf_lm abm 3dnowprefetch epb intel_pt tpr_shadow vnmi flexpriority ept vpid fsgsbase tsc_adjust bmi1 avx2 smep bmi2 erms invpcid mpx rdseed adx smap clflushopt xsaveopt xsavec xgetbv1 dtherm ida arat pln pts hwp hwp_notify hwp_act_window hwp_epp
bugs		:
bogomips	: 4800.43
clflush size	: 64
cache_alignment	: 64
address sizes	: 39 bits physical, 48 bits virtual
power management:

processor	: 2
vendor_id	: GenuineIntel
cpu family	: 6
model		: 78
model name	: Intel(R) Core(TM) i5-6200U CPU @ 2.30GHz
stepping	: 3
microcode	: 0x6a
cpu MHz		: 498.656
cache size	: 3072 KB
physical id	: 0
siblings	: 4
core id		: 0
cpu cores	: 2
apicid		: 1
initial apicid	: 1
fpu		: yes
fpu_exception	: yes
cpuid level	: 22
wp		: yes
flags		: fpu vme de pse tsc msr pae mce cx8 apic sep mtrr pge mca cmov pat pse36 clflush dts acpi mmx fxsr sse sse2 ss ht tm pbe syscall nx pdpe1gb rdtscp lm constant_tsc art arch_perfmon pebs bts rep_good nopl xtopology nonstop_tsc aperfmperf eagerfpu pni pclmulqdq dtes64 monitor ds_cpl vmx est tm2 ssse3 sdbg fma cx16 xtpr pdcm pcid sse4_1 sse4_2 x2apic movbe popcnt tsc_deadline_timer aes xsave avx f16c rdrand lahf_lm abm 3dnowprefetch epb intel_pt tpr_shadow vnmi flexpriority ept vpid fsgsbase tsc_adjust bmi1 avx2 smep bmi2 erms invpcid mpx rdseed adx smap clflushopt xsaveopt xsavec xgetbv1 dtherm ida arat pln pts hwp hwp_notify hwp_act_window hwp_epp
bugs		:
bogomips	: 4800.43
clflush size	: 64
cache_alignment	: 64
address sizes	: 39 bits physical, 48 bits virtual
power management:

processor	: 3
vendor_id	: GenuineIntel
cpu family	: 6
model		: 78
model name	: Intel(R) Core(TM) i5-6200U CPU @ 2.30GHz
stepping	: 3
microcode	: 0x6a
cpu MHz		: 498.843
cache size	: 3072 KB
physical id	: 0
siblings	: 4
core id		: 1
cpu cores	: 2
apicid		: 3
initial apicid	: 3
fpu		: yes
fpu_exception	: yes
cpuid level	: 22
wp		: yes
flags		: fpu vme de pse tsc msr pae mce cx8 apic sep mtrr pge mca cmov pat pse36 clflush dts acpi mmx fxsr sse sse2 ss ht tm pbe syscall nx pdpe1gb rdtscp lm constant_tsc art arch_perfmon pebs bts rep_good nopl xtopology nonstop_tsc aperfmperf eagerfpu pni pclmulqdq dtes64 monitor ds_cpl vmx est tm2 ssse3 sdbg fma cx16 xtpr pdcm pcid sse4_1 sse4_2 x2apic movbe popcnt tsc_deadline_timer aes xsave avx f16c rdrand lahf_lm abm 3dnowprefetch epb intel_pt tpr_shadow vnmi flexpriority ept vpid fsgsbase tsc_adjust bmi1 avx2 smep bmi2 erms invpcid mpx rdseed adx smap clflushopt xsaveopt xsavec xgetbv1 dtherm ida arat pln pts hwp hwp_notify hwp_act_window hwp_epp
bugs		:
bogomips	: 4800.43
clflush size	: 64
cache_alignment	: 64
address sizes	: 39 bits physical, 48 bits virtual
power management:



Memory: 4k page, physical 8072312k(147092k free), swap 0k(0k free)

vm_info: Java HotSpot(TM) 64-Bit Server VM (25.151-b12) for linux-amd64 JRE (1.8.0_151-b12), built on Sep  5 2017 19:20:58 by "java_re" with gcc 4.3.0 20080428 (Red Hat 4.3.0-8)

time: Thu Apr  5 17:13:46 2018
elapsed time: 115 seconds (0d 0h 1m 55s)

